<?xml version="1.0" encoding="UTF-8"?>
<testsuite name="com.tw.capability.shoppingcartapp.ShoppingCartAppApplicationTests" tests="1" skipped="0" failures="0" errors="0" timestamp="2022-07-23T08:19:36" hostname="zhangyanhuadeMacBook-Pro.local" time="0.085">
  <properties/>
  <testcase name="contextLoads()" classname="com.tw.capability.shoppingcartapp.ShoppingCartAppApplicationTests" time="0.085"/>
  <system-out><![CDATA[16:19:33.672 [Test worker] DEBUG org.springframework.test.context.BootstrapUtils - Instantiating CacheAwareContextLoaderDelegate from class [org.springframework.test.context.cache.DefaultCacheAwareContextLoaderDelegate]
16:19:33.681 [Test worker] DEBUG org.springframework.test.context.BootstrapUtils - Instantiating BootstrapContext using constructor [public org.springframework.test.context.support.DefaultBootstrapContext(java.lang.Class,org.springframework.test.context.CacheAwareContextLoaderDelegate)]
16:19:33.706 [Test worker] DEBUG org.springframework.test.context.BootstrapUtils - Instantiating TestContextBootstrapper for test class [com.tw.capability.shoppingcartapp.ShoppingCartAppApplicationTests] from class [org.springframework.boot.test.context.SpringBootTestContextBootstrapper]
16:19:33.718 [Test worker] INFO org.springframework.boot.test.context.SpringBootTestContextBootstrapper - Neither @ContextConfiguration nor @ContextHierarchy found for test class [com.tw.capability.shoppingcartapp.ShoppingCartAppApplicationTests], using SpringBootContextLoader
16:19:33.721 [Test worker] DEBUG org.springframework.test.context.support.AbstractContextLoader - Did not detect default resource location for test class [com.tw.capability.shoppingcartapp.ShoppingCartAppApplicationTests]: class path resource [com/tw/capability/shoppingcartapp/ShoppingCartAppApplicationTests-context.xml] does not exist
16:19:33.721 [Test worker] DEBUG org.springframework.test.context.support.AbstractContextLoader - Did not detect default resource location for test class [com.tw.capability.shoppingcartapp.ShoppingCartAppApplicationTests]: class path resource [com/tw/capability/shoppingcartapp/ShoppingCartAppApplicationTestsContext.groovy] does not exist
16:19:33.721 [Test worker] INFO org.springframework.test.context.support.AbstractContextLoader - Could not detect default resource locations for test class [com.tw.capability.shoppingcartapp.ShoppingCartAppApplicationTests]: no resource found for suffixes {-context.xml, Context.groovy}.
16:19:33.722 [Test worker] INFO org.springframework.test.context.support.AnnotationConfigContextLoaderUtils - Could not detect default configuration classes for test class [com.tw.capability.shoppingcartapp.ShoppingCartAppApplicationTests]: ShoppingCartAppApplicationTests does not declare any static, non-private, non-final, nested classes annotated with @Configuration.
16:19:33.754 [Test worker] DEBUG org.springframework.test.context.support.ActiveProfilesUtils - Could not find an 'annotation declaring class' for annotation type [org.springframework.test.context.ActiveProfiles] and class [com.tw.capability.shoppingcartapp.ShoppingCartAppApplicationTests]
16:19:33.791 [Test worker] DEBUG org.springframework.context.annotation.ClassPathScanningCandidateComponentProvider - Identified candidate component class: file [/Users/yanhua.zhang/shopping_project/backend/build/classes/java/main/com/tw/capability/shoppingcartapp/ShoppingCartAppApplication.class]
16:19:33.792 [Test worker] INFO org.springframework.boot.test.context.SpringBootTestContextBootstrapper - Found @SpringBootConfiguration com.tw.capability.shoppingcartapp.ShoppingCartAppApplication for test class com.tw.capability.shoppingcartapp.ShoppingCartAppApplicationTests
16:19:33.860 [Test worker] DEBUG org.springframework.boot.test.context.SpringBootTestContextBootstrapper - @TestExecutionListeners is not present for class [com.tw.capability.shoppingcartapp.ShoppingCartAppApplicationTests]: using defaults.
16:19:33.860 [Test worker] INFO org.springframework.boot.test.context.SpringBootTestContextBootstrapper - Loaded default TestExecutionListener class names from location [META-INF/spring.factories]: [org.springframework.boot.test.autoconfigure.restdocs.RestDocsTestExecutionListener, org.springframework.boot.test.autoconfigure.web.client.MockRestServiceServerResetTestExecutionListener, org.springframework.boot.test.autoconfigure.web.servlet.MockMvcPrintOnlyOnFailureTestExecutionListener, org.springframework.boot.test.autoconfigure.web.servlet.WebDriverTestExecutionListener, org.springframework.boot.test.autoconfigure.webservices.client.MockWebServiceServerTestExecutionListener, org.springframework.boot.test.mock.mockito.MockitoTestExecutionListener, org.springframework.boot.test.mock.mockito.ResetMocksTestExecutionListener, org.springframework.test.context.web.ServletTestExecutionListener, org.springframework.test.context.support.DirtiesContextBeforeModesTestExecutionListener, org.springframework.test.context.event.ApplicationEventsTestExecutionListener, org.springframework.test.context.support.DependencyInjectionTestExecutionListener, org.springframework.test.context.support.DirtiesContextTestExecutionListener, org.springframework.test.context.transaction.TransactionalTestExecutionListener, org.springframework.test.context.jdbc.SqlScriptsTestExecutionListener, org.springframework.test.context.event.EventPublishingTestExecutionListener]
16:19:33.873 [Test worker] INFO org.springframework.boot.test.context.SpringBootTestContextBootstrapper - Using TestExecutionListeners: [org.springframework.test.context.web.ServletTestExecutionListener@14c17a0d, org.springframework.test.context.support.DirtiesContextBeforeModesTestExecutionListener@13e08a72, org.springframework.test.context.event.ApplicationEventsTestExecutionListener@732d570, org.springframework.boot.test.mock.mockito.MockitoTestExecutionListener@1aad38d8, org.springframework.boot.test.autoconfigure.SpringBootDependencyInjectionTestExecutionListener@5a33892, org.springframework.test.context.support.DirtiesContextTestExecutionListener@1287914e, org.springframework.test.context.transaction.TransactionalTestExecutionListener@30f4f3b, org.springframework.test.context.jdbc.SqlScriptsTestExecutionListener@7017cc7a, org.springframework.test.context.event.EventPublishingTestExecutionListener@6c6c1d42, org.springframework.boot.test.autoconfigure.restdocs.RestDocsTestExecutionListener@42cfec60, org.springframework.boot.test.autoconfigure.web.client.MockRestServiceServerResetTestExecutionListener@3b400595, org.springframework.boot.test.autoconfigure.web.servlet.MockMvcPrintOnlyOnFailureTestExecutionListener@757a7a9b, org.springframework.boot.test.autoconfigure.web.servlet.WebDriverTestExecutionListener@7970ef7b, org.springframework.boot.test.autoconfigure.webservices.client.MockWebServiceServerTestExecutionListener@44e1a0d9, org.springframework.boot.test.mock.mockito.ResetMocksTestExecutionListener@7f36697d]
16:19:33.876 [Test worker] DEBUG org.springframework.test.context.support.AbstractDirtiesContextTestExecutionListener - Before test class: context [DefaultTestContext@51a2acc2 testClass = ShoppingCartAppApplicationTests, testInstance = [null], testMethod = [null], testException = [null], mergedContextConfiguration = [WebMergedContextConfiguration@69e041f testClass = ShoppingCartAppApplicationTests, locations = '{}', classes = '{class com.tw.capability.shoppingcartapp.ShoppingCartAppApplication}', contextInitializerClasses = '[]', activeProfiles = '{}', propertySourceLocations = '{}', propertySourceProperties = '{org.springframework.boot.test.context.SpringBootTestContextBootstrapper=true}', contextCustomizers = set[org.springframework.boot.test.autoconfigure.actuate.metrics.MetricsExportContextCustomizerFactory$DisableMetricExportContextCustomizer@3e3a5a4a, org.springframework.boot.test.autoconfigure.properties.PropertyMappingContextCustomizer@0, org.springframework.boot.test.autoconfigure.web.servlet.WebDriverContextCustomizerFactory$Customizer@2f611af1, org.springframework.boot.test.context.filter.ExcludeFilterContextCustomizer@1b0018c7, org.springframework.boot.test.json.DuplicateJsonObjectContextCustomizerFactory$DuplicateJsonObjectContextCustomizer@7afd4823, org.springframework.boot.test.mock.mockito.MockitoContextCustomizer@0, org.springframework.boot.test.web.client.TestRestTemplateContextCustomizer@68bf473c, org.springframework.boot.test.context.SpringBootTestArgs@1, org.springframework.boot.test.context.SpringBootTestWebEnvironment@66c5a904], resourceBasePath = 'src/main/webapp', contextLoader = 'org.springframework.boot.test.context.SpringBootContextLoader', parent = [null]], attributes = map['org.springframework.test.context.web.ServletTestExecutionListener.activateListener' -> true]], class annotated with @DirtiesContext [false] with mode [null].

  .   ____          _            __ _ _
 /\\ / ___'_ __ _ _(_)_ __  __ _ \ \ \ \
( ( )\___ | '_ | '_| | '_ \/ _` | \ \ \ \
 \\/  ___)| |_)| | | | | || (_| |  ) ) ) )
  '  |____| .__|_| |_|_| |_\__, | / / / /
 =========|_|==============|___/=/_/_/_/
 :: Spring Boot ::                (v2.7.1)

2022-07-23 16:19:34.251  INFO 87522 --- [    Test worker] c.t.c.s.ShoppingCartAppApplicationTests  : Starting ShoppingCartAppApplicationTests using Java 11.0.15.1 on zhangyanhuadeMacBook-Pro.local with PID 87522 (started by yanhua.zhang in /Users/yanhua.zhang/shopping_project/backend)
2022-07-23 16:19:34.253  INFO 87522 --- [    Test worker] c.t.c.s.ShoppingCartAppApplicationTests  : No active profile set, falling back to 1 default profile: "default"
2022-07-23 16:19:34.755  INFO 87522 --- [    Test worker] .s.d.r.c.RepositoryConfigurationDelegate : Bootstrapping Spring Data JPA repositories in DEFAULT mode.
2022-07-23 16:19:34.790  INFO 87522 --- [    Test worker] .s.d.r.c.RepositoryConfigurationDelegate : Finished Spring Data repository scanning in 29 ms. Found 1 JPA repository interfaces.
2022-07-23 16:19:35.090  INFO 87522 --- [    Test worker] com.zaxxer.hikari.HikariDataSource       : HikariPool-1 - Starting...
2022-07-23 16:19:35.202  INFO 87522 --- [    Test worker] com.zaxxer.hikari.HikariDataSource       : HikariPool-1 - Start completed.
2022-07-23 16:19:35.314  INFO 87522 --- [    Test worker] o.hibernate.jpa.internal.util.LogHelper  : HHH000204: Processing PersistenceUnitInfo [name: default]
2022-07-23 16:19:35.353  INFO 87522 --- [    Test worker] org.hibernate.Version                    : HHH000412: Hibernate ORM core version 5.6.9.Final
2022-07-23 16:19:35.484  INFO 87522 --- [    Test worker] o.hibernate.annotations.common.Version   : HCANN000001: Hibernate Commons Annotations {5.1.2.Final}
2022-07-23 16:19:35.567  INFO 87522 --- [    Test worker] org.hibernate.dialect.Dialect            : HHH000400: Using dialect: org.hibernate.dialect.PostgreSQLDialect
2022-07-23 16:19:36.008  INFO 87522 --- [    Test worker] o.h.e.t.j.p.i.JtaPlatformInitiator       : HHH000490: Using JtaPlatform implementation: [org.hibernate.engine.transaction.jta.platform.internal.NoJtaPlatform]
2022-07-23 16:19:36.016  INFO 87522 --- [    Test worker] j.LocalContainerEntityManagerFactoryBean : Initialized JPA EntityManagerFactory for persistence unit 'default'
2022-07-23 16:19:36.415  WARN 87522 --- [    Test worker] JpaBaseConfiguration$JpaWebConfiguration : spring.jpa.open-in-view is enabled by default. Therefore, database queries may be performed during view rendering. Explicitly configure spring.jpa.open-in-view to disable this warning
2022-07-23 16:19:36.799  INFO 87522 --- [    Test worker] c.t.c.s.ShoppingCartAppApplicationTests  : Started ShoppingCartAppApplicationTests in 2.897 seconds (JVM running for 3.774)
]]></system-out>
  <system-err><![CDATA[]]></system-err>
</testsuite>
