<?xml version="1.0" encoding="UTF-8"?>
<testsuite name="com.tw.capability.shoppingcartapp.ShoppingCartAppApplicationTests" tests="1" skipped="0" failures="0" errors="0" timestamp="2022-07-27T13:29:33" hostname="zhangyanhuadeMacBook-Pro.local" time="0.091">
  <properties/>
  <testcase name="contextLoads()" classname="com.tw.capability.shoppingcartapp.ShoppingCartAppApplicationTests" time="0.091"/>
  <system-out><![CDATA[21:29:29.754 [Test worker] DEBUG org.springframework.test.context.BootstrapUtils - Instantiating CacheAwareContextLoaderDelegate from class [org.springframework.test.context.cache.DefaultCacheAwareContextLoaderDelegate]
21:29:29.763 [Test worker] DEBUG org.springframework.test.context.BootstrapUtils - Instantiating BootstrapContext using constructor [public org.springframework.test.context.support.DefaultBootstrapContext(java.lang.Class,org.springframework.test.context.CacheAwareContextLoaderDelegate)]
21:29:29.790 [Test worker] DEBUG org.springframework.test.context.BootstrapUtils - Instantiating TestContextBootstrapper for test class [com.tw.capability.shoppingcartapp.ShoppingCartAppApplicationTests] from class [org.springframework.boot.test.context.SpringBootTestContextBootstrapper]
21:29:29.800 [Test worker] INFO org.springframework.boot.test.context.SpringBootTestContextBootstrapper - Neither @ContextConfiguration nor @ContextHierarchy found for test class [com.tw.capability.shoppingcartapp.ShoppingCartAppApplicationTests], using SpringBootContextLoader
21:29:29.804 [Test worker] DEBUG org.springframework.test.context.support.AbstractContextLoader - Did not detect default resource location for test class [com.tw.capability.shoppingcartapp.ShoppingCartAppApplicationTests]: class path resource [com/tw/capability/shoppingcartapp/ShoppingCartAppApplicationTests-context.xml] does not exist
21:29:29.804 [Test worker] DEBUG org.springframework.test.context.support.AbstractContextLoader - Did not detect default resource location for test class [com.tw.capability.shoppingcartapp.ShoppingCartAppApplicationTests]: class path resource [com/tw/capability/shoppingcartapp/ShoppingCartAppApplicationTestsContext.groovy] does not exist
21:29:29.804 [Test worker] INFO org.springframework.test.context.support.AbstractContextLoader - Could not detect default resource locations for test class [com.tw.capability.shoppingcartapp.ShoppingCartAppApplicationTests]: no resource found for suffixes {-context.xml, Context.groovy}.
21:29:29.804 [Test worker] INFO org.springframework.test.context.support.AnnotationConfigContextLoaderUtils - Could not detect default configuration classes for test class [com.tw.capability.shoppingcartapp.ShoppingCartAppApplicationTests]: ShoppingCartAppApplicationTests does not declare any static, non-private, non-final, nested classes annotated with @Configuration.
21:29:29.841 [Test worker] DEBUG org.springframework.test.context.support.ActiveProfilesUtils - Could not find an 'annotation declaring class' for annotation type [org.springframework.test.context.ActiveProfiles] and class [com.tw.capability.shoppingcartapp.ShoppingCartAppApplicationTests]
21:29:29.895 [Test worker] DEBUG org.springframework.context.annotation.ClassPathScanningCandidateComponentProvider - Identified candidate component class: file [/Users/yanhua.zhang/shopping_project/backend/build/classes/java/main/com/tw/capability/shoppingcartapp/ShoppingCartAppApplication.class]
21:29:29.896 [Test worker] INFO org.springframework.boot.test.context.SpringBootTestContextBootstrapper - Found @SpringBootConfiguration com.tw.capability.shoppingcartapp.ShoppingCartAppApplication for test class com.tw.capability.shoppingcartapp.ShoppingCartAppApplicationTests
21:29:29.975 [Test worker] DEBUG org.springframework.boot.test.context.SpringBootTestContextBootstrapper - @TestExecutionListeners is not present for class [com.tw.capability.shoppingcartapp.ShoppingCartAppApplicationTests]: using defaults.
21:29:29.975 [Test worker] INFO org.springframework.boot.test.context.SpringBootTestContextBootstrapper - Loaded default TestExecutionListener class names from location [META-INF/spring.factories]: [org.springframework.boot.test.autoconfigure.restdocs.RestDocsTestExecutionListener, org.springframework.boot.test.autoconfigure.web.client.MockRestServiceServerResetTestExecutionListener, org.springframework.boot.test.autoconfigure.web.servlet.MockMvcPrintOnlyOnFailureTestExecutionListener, org.springframework.boot.test.autoconfigure.web.servlet.WebDriverTestExecutionListener, org.springframework.boot.test.autoconfigure.webservices.client.MockWebServiceServerTestExecutionListener, org.springframework.boot.test.mock.mockito.MockitoTestExecutionListener, org.springframework.boot.test.mock.mockito.ResetMocksTestExecutionListener, org.springframework.test.context.web.ServletTestExecutionListener, org.springframework.test.context.support.DirtiesContextBeforeModesTestExecutionListener, org.springframework.test.context.event.ApplicationEventsTestExecutionListener, org.springframework.test.context.support.DependencyInjectionTestExecutionListener, org.springframework.test.context.support.DirtiesContextTestExecutionListener, org.springframework.test.context.transaction.TransactionalTestExecutionListener, org.springframework.test.context.jdbc.SqlScriptsTestExecutionListener, org.springframework.test.context.event.EventPublishingTestExecutionListener]
21:29:29.993 [Test worker] INFO org.springframework.boot.test.context.SpringBootTestContextBootstrapper - Using TestExecutionListeners: [org.springframework.test.context.web.ServletTestExecutionListener@6cad363d, org.springframework.test.context.support.DirtiesContextBeforeModesTestExecutionListener@13b09435, org.springframework.test.context.event.ApplicationEventsTestExecutionListener@3d8cb5d2, org.springframework.boot.test.mock.mockito.MockitoTestExecutionListener@480c1f82, org.springframework.boot.test.autoconfigure.SpringBootDependencyInjectionTestExecutionListener@4d95c460, org.springframework.test.context.support.DirtiesContextTestExecutionListener@5a93e0db, org.springframework.test.context.transaction.TransactionalTestExecutionListener@2e9ec7e, org.springframework.test.context.jdbc.SqlScriptsTestExecutionListener@2ab113ae, org.springframework.test.context.event.EventPublishingTestExecutionListener@49e4745c, org.springframework.boot.test.autoconfigure.restdocs.RestDocsTestExecutionListener@cb4d083, org.springframework.boot.test.autoconfigure.web.client.MockRestServiceServerResetTestExecutionListener@41735777, org.springframework.boot.test.autoconfigure.web.servlet.MockMvcPrintOnlyOnFailureTestExecutionListener@637d0094, org.springframework.boot.test.autoconfigure.web.servlet.WebDriverTestExecutionListener@951ce33, org.springframework.boot.test.autoconfigure.webservices.client.MockWebServiceServerTestExecutionListener@234b2752, org.springframework.boot.test.mock.mockito.ResetMocksTestExecutionListener@78d814a3]
21:29:29.996 [Test worker] DEBUG org.springframework.test.context.support.AbstractDirtiesContextTestExecutionListener - Before test class: context [DefaultTestContext@225ddddb testClass = ShoppingCartAppApplicationTests, testInstance = [null], testMethod = [null], testException = [null], mergedContextConfiguration = [WebMergedContextConfiguration@4ef1586d testClass = ShoppingCartAppApplicationTests, locations = '{}', classes = '{class com.tw.capability.shoppingcartapp.ShoppingCartAppApplication}', contextInitializerClasses = '[]', activeProfiles = '{}', propertySourceLocations = '{}', propertySourceProperties = '{org.springframework.boot.test.context.SpringBootTestContextBootstrapper=true}', contextCustomizers = set[org.springframework.boot.test.autoconfigure.actuate.metrics.MetricsExportContextCustomizerFactory$DisableMetricExportContextCustomizer@fb0d798, org.springframework.boot.test.autoconfigure.properties.PropertyMappingContextCustomizer@0, org.springframework.boot.test.autoconfigure.web.servlet.WebDriverContextCustomizerFactory$Customizer@5b537ebb, org.springframework.boot.test.context.filter.ExcludeFilterContextCustomizer@788ab31e, org.springframework.boot.test.json.DuplicateJsonObjectContextCustomizerFactory$DuplicateJsonObjectContextCustomizer@19f8fe0e, org.springframework.boot.test.mock.mockito.MockitoContextCustomizer@0, org.springframework.boot.test.web.client.TestRestTemplateContextCustomizer@2e773f55, org.springframework.boot.test.context.SpringBootTestArgs@1, org.springframework.boot.test.context.SpringBootTestWebEnvironment@14bda735], resourceBasePath = 'src/main/webapp', contextLoader = 'org.springframework.boot.test.context.SpringBootContextLoader', parent = [null]], attributes = map['org.springframework.test.context.web.ServletTestExecutionListener.activateListener' -> true]], class annotated with @DirtiesContext [false] with mode [null].

  .   ____          _            __ _ _
 /\\ / ___'_ __ _ _(_)_ __  __ _ \ \ \ \
( ( )\___ | '_ | '_| | '_ \/ _` | \ \ \ \
 \\/  ___)| |_)| | | | | || (_| |  ) ) ) )
  '  |____| .__|_| |_|_| |_\__, | / / / /
 =========|_|==============|___/=/_/_/_/
 :: Spring Boot ::                (v2.7.1)

2022-07-27 21:29:30.270  INFO 49965 --- [    Test worker] c.t.c.s.ShoppingCartAppApplicationTests  : Starting ShoppingCartAppApplicationTests using Java 11.0.15.1 on zhangyanhuadeMacBook-Pro.local with PID 49965 (started by yanhua.zhang in /Users/yanhua.zhang/shopping_project/backend)
2022-07-27 21:29:30.272  INFO 49965 --- [    Test worker] c.t.c.s.ShoppingCartAppApplicationTests  : No active profile set, falling back to 1 default profile: "default"
2022-07-27 21:29:30.785  INFO 49965 --- [    Test worker] .s.d.r.c.RepositoryConfigurationDelegate : Bootstrapping Spring Data JPA repositories in DEFAULT mode.
2022-07-27 21:29:30.824  INFO 49965 --- [    Test worker] .s.d.r.c.RepositoryConfigurationDelegate : Finished Spring Data repository scanning in 31 ms. Found 1 JPA repository interfaces.
2022-07-27 21:29:31.140  INFO 49965 --- [    Test worker] com.zaxxer.hikari.HikariDataSource       : HikariPool-1 - Starting...
2022-07-27 21:29:31.223  INFO 49965 --- [    Test worker] com.zaxxer.hikari.HikariDataSource       : HikariPool-1 - Start completed.
2022-07-27 21:29:31.326  INFO 49965 --- [    Test worker] o.hibernate.jpa.internal.util.LogHelper  : HHH000204: Processing PersistenceUnitInfo [name: default]
2022-07-27 21:29:31.380  INFO 49965 --- [    Test worker] org.hibernate.Version                    : HHH000412: Hibernate ORM core version 5.6.9.Final
2022-07-27 21:29:31.550  INFO 49965 --- [    Test worker] o.hibernate.annotations.common.Version   : HCANN000001: Hibernate Commons Annotations {5.1.2.Final}
2022-07-27 21:29:31.652  INFO 49965 --- [    Test worker] org.hibernate.dialect.Dialect            : HHH000400: Using dialect: org.hibernate.dialect.PostgreSQLDialect
2022-07-27 21:29:32.176  INFO 49965 --- [    Test worker] o.h.e.t.j.p.i.JtaPlatformInitiator       : HHH000490: Using JtaPlatform implementation: [org.hibernate.engine.transaction.jta.platform.internal.NoJtaPlatform]
2022-07-27 21:29:32.182  INFO 49965 --- [    Test worker] j.LocalContainerEntityManagerFactoryBean : Initialized JPA EntityManagerFactory for persistence unit 'default'
2022-07-27 21:29:32.599  WARN 49965 --- [    Test worker] JpaBaseConfiguration$JpaWebConfiguration : spring.jpa.open-in-view is enabled by default. Therefore, database queries may be performed during view rendering. Explicitly configure spring.jpa.open-in-view to disable this warning
2022-07-27 21:29:33.011  INFO 49965 --- [    Test worker] c.t.c.s.ShoppingCartAppApplicationTests  : Started ShoppingCartAppApplicationTests in 2.977 seconds (JVM running for 3.9)
]]></system-out>
  <system-err><![CDATA[]]></system-err>
</testsuite>
